<?xml version="1.0" encoding="UTF-8"?>
<!-- Generated by org.testng.reporters.JUnitReportReporter -->
<testsuite hostname="RedmiBook" failures="0" tests="2" name="practice.DataProviderExample" time="0.008" errors="0" timestamp="2023-05-09T15:31:36 IST" skipped="0">
  <testcase classname="practice.DataProviderExample" name="destination" time="0.006"/>
  <system-out/>
  <testcase classname="practice.DataProviderExample" name="destination" time="0.002"/>
  <system-out/>
</testsuite> <!-- practice.DataProviderExample -->
