<?xml version="1.0" encoding="UTF-8"?>
<!-- Generated by org.testng.reporters.JUnitReportReporter -->
<testsuite hostname="RedmiBook" failures="0" tests="1" name="Contacts.CreateContactwithOrganizationWithPOM" time="29.462" errors="0" timestamp="2023-05-09T22:34:21 IST" skipped="0">
  <testcase classname="Contacts.CreateContactwithOrganizationWithPOM" name="createContactwithOrganizationWithPOM" time="29.462"/>
  <system-out/>
</testsuite> <!-- Contacts.CreateContactwithOrganizationWithPOM -->
