<?xml version="1.0" encoding="UTF-8"?>
<!-- Generated by org.testng.reporters.JUnitReportReporter -->
<testsuite hostname="RedmiBook" failures="0" tests="1" name="Campaigns.CreateCampaignWithProductWithPOM" time="23.634" errors="0" timestamp="2023-05-09T22:34:21 IST" skipped="0">
  <testcase classname="Campaigns.CreateCampaignWithProductWithPOM" name="CreateCampaignWithProduct" time="23.634"/>
  <system-out/>
</testsuite> <!-- Campaigns.CreateCampaignWithProductWithPOM -->
