<?xml version="1.0" encoding="UTF-8"?>
<!-- Generated by org.testng.reporters.JUnitReportReporter -->
<testsuite hostname="RedmiBook" failures="0" tests="1" name="product.CreateProductWithPOM" time="12.536" errors="0" timestamp="2023-05-09T22:34:21 IST" skipped="0">
  <testcase classname="product.CreateProductWithPOM" name="createProduct" time="12.536"/>
  <system-out/>
</testsuite> <!-- product.CreateProductWithPOM -->
