<?xml version="1.0" encoding="UTF-8"?>
<!-- Generated by org.testng.reporters.JUnitReportReporter -->
<testsuite hostname="RedmiBook" failures="0" tests="1" name="Contacts.CreateContact" time="12.766" errors="0" timestamp="2023-05-09T21:09:52 IST" skipped="0">
  <testcase classname="Contacts.CreateContact" name="createContact" time="12.766"/>
  <system-out/>
</testsuite> <!-- Contacts.CreateContact -->
