<?xml version="1.0" encoding="UTF-8"?>
<!-- Generated by org.testng.reporters.JUnitReportReporter -->
<testsuite hostname="RedmiBook" failures="0" tests="1" name="organizations.CreateOrganizationWithPOM" time="11.370" errors="0" timestamp="2023-05-09T21:34:30 IST" skipped="0">
  <testcase classname="organizations.CreateOrganizationWithPOM" name="createOrganizationWithPOM" time="11.370"/>
  <system-out/>
</testsuite> <!-- organizations.CreateOrganizationWithPOM -->
