<?xml version="1.0" encoding="UTF-8"?>
<!-- Generated by org.testng.reporters.JUnitReportReporter -->
<testsuite hostname="RedmiBook" failures="0" tests="1" name="Campaigns.CreateCampaignWithProductWithPOM" time="24.254" errors="0" timestamp="2023-05-11T11:31:15 IST" skipped="0">
  <testcase classname="Campaigns.CreateCampaignWithProductWithPOM" name="CreateCampaignWithProduct" time="24.254"/>
  <system-out/>
</testsuite> <!-- Campaigns.CreateCampaignWithProductWithPOM -->
